<?xml version="1.0" encoding="UTF-8"?>
<!-- Generated by org.testng.reporters.JUnitReportReporter -->
<testsuite hostname="ASHU" failures="0" tests="9" name="pack1.TestNgCheck" time="0.144" errors="0" timestamp="2022-03-08T20:50:18 IST" skipped="0">
  <testcase classname="pack1.TestNgCheck" name="testE" time="0.017"/>
  <system-out/>
  <testcase classname="pack1.TestNgCheck" name="testA" time="0.013"/>
  <system-out/>
  <testcase classname="pack1.TestNgCheck" name="testB" time="0.009"/>
  <system-out/>
  <testcase classname="pack1.TestNgCheck" name="testC" time="0.009"/>
  <system-out/>
  <testcase classname="pack1.TestNgCheck" name="testD" time="0.023"/>
  <system-out/>
  <testcase classname="pack1.TestNgCheck" name="testF" time="0.025"/>
  <system-out/>
  <testcase classname="pack1.TestNgCheck" name="testF" time="0.010"/>
  <system-out/>
  <testcase classname="pack1.TestNgCheck" name="testF" time="0.013"/>
  <system-out/>
  <testcase classname="pack1.TestNgCheck" name="testF" time="0.025"/>
  <system-out/>
</testsuite> <!-- pack1.TestNgCheck -->
