<?xml version="1.0" encoding="UTF-8"?>
<!-- Generated by org.testng.reporters.JUnitReportReporter -->
<testsuite hostname="ASHU" failures="0" tests="2" name="pack1.NewTest12" time="41.422" errors="0" timestamp="2022-03-11T15:50:08 IST" skipped="0">
  <testcase classname="pack1.NewTest12" name="clickOnUserkPage" time="32.373"/>
  <system-out/>
  <testcase classname="pack1.NewTest12" name="clickOnWorkScheduletPage" time="9.049"/>
  <system-out/>
</testsuite> <!-- pack1.NewTest12 -->
